CRITICAL - 2024-03-23 06:35:26 --> ErrorException: unlink(C:\xampp\htdocs\ci-gis\writable\debugbar/debugbar_1711102998.220058.json): No such file or directory
in SYSTEMPATH\Debug\Toolbar\Collectors\History.php on line 80.
 1 [internal function]: CodeIgniter\Debug\Exceptions->errorHandler(2, 'unlink(C:\\xampp\\htdocs\\ci-gis\\writable\\debugbar/debugbar_1711102998.220058.json): No such file or directory', 'C:\\xampp\\htdocs\\ci-gis\\system\\Debug\\Toolbar\\Collectors\\History.php', 80)
 2 SYSTEMPATH\Debug\Toolbar\Collectors\History.php(80): unlink('C:\\xampp\\htdocs\\ci-gis\\writable\\debugbar/debugbar_1711102998.220058.json')
 3 SYSTEMPATH\Debug\Toolbar.php(496): CodeIgniter\Debug\Toolbar\Collectors\History->setFiles('1711175723.403631', 20)
 4 SYSTEMPATH\Debug\Toolbar.php(475): CodeIgniter\Debug\Toolbar->format([...], 'html')
 5 APPPATH\Config\Events.php(47): CodeIgniter\Debug\Toolbar->respond()
 6 SYSTEMPATH\Events\Events.php(154): CodeIgniter\Events\Events::Config\{closure}()
 7 SYSTEMPATH\CodeIgniter.php(442): CodeIgniter\Events\Events::trigger('pre_system')
 8 SYSTEMPATH\CodeIgniter.php(361): CodeIgniter\CodeIgniter->handleRequest(null, Object(Config\Cache), false)
 9 FCPATH\index.php(79): CodeIgniter\CodeIgniter->run()
CRITICAL - 2024-03-23 06:35:37 --> ErrorException: unlink(C:\xampp\htdocs\ci-gis\writable\debugbar/debugbar_1711103263.465657.json): No such file or directory
in SYSTEMPATH\Debug\Toolbar\Collectors\History.php on line 80.
 1 [internal function]: CodeIgniter\Debug\Exceptions->errorHandler(2, 'unlink(C:\\xampp\\htdocs\\ci-gis\\writable\\debugbar/debugbar_1711103263.465657.json): No such file or directory', 'C:\\xampp\\htdocs\\ci-gis\\system\\Debug\\Toolbar\\Collectors\\History.php', 80)
 2 SYSTEMPATH\Debug\Toolbar\Collectors\History.php(80): unlink('C:\\xampp\\htdocs\\ci-gis\\writable\\debugbar/debugbar_1711103263.465657.json')
 3 SYSTEMPATH\Debug\Toolbar.php(496): CodeIgniter\Debug\Toolbar\Collectors\History->setFiles('1711175735.918041', 20)
 4 SYSTEMPATH\Debug\Toolbar.php(475): CodeIgniter\Debug\Toolbar->format([...], 'html')
 5 APPPATH\Config\Events.php(47): CodeIgniter\Debug\Toolbar->respond()
 6 SYSTEMPATH\Events\Events.php(154): CodeIgniter\Events\Events::Config\{closure}()
 7 SYSTEMPATH\CodeIgniter.php(442): CodeIgniter\Events\Events::trigger('pre_system')
 8 SYSTEMPATH\CodeIgniter.php(361): CodeIgniter\CodeIgniter->handleRequest(null, Object(Config\Cache), false)
 9 FCPATH\index.php(79): CodeIgniter\CodeIgniter->run()
CRITICAL - 2024-03-23 07:15:03 --> ErrorException: unlink(C:\xampp\htdocs\ci-gis\writable\debugbar/debugbar_1711176236.471954.json): No such file or directory
in SYSTEMPATH\Debug\Toolbar\Collectors\History.php on line 80.
 1 [internal function]: CodeIgniter\Debug\Exceptions->errorHandler(2, 'unlink(C:\\xampp\\htdocs\\ci-gis\\writable\\debugbar/debugbar_1711176236.471954.json): No such file or directory', 'C:\\xampp\\htdocs\\ci-gis\\system\\Debug\\Toolbar\\Collectors\\History.php', 80)
 2 SYSTEMPATH\Debug\Toolbar\Collectors\History.php(80): unlink('C:\\xampp\\htdocs\\ci-gis\\writable\\debugbar/debugbar_1711176236.471954.json')
 3 SYSTEMPATH\Debug\Toolbar.php(496): CodeIgniter\Debug\Toolbar\Collectors\History->setFiles('1711178094.145595', 20)
 4 SYSTEMPATH\Debug\Toolbar.php(475): CodeIgniter\Debug\Toolbar->format([...], 'html')
 5 APPPATH\Config\Events.php(47): CodeIgniter\Debug\Toolbar->respond()
 6 SYSTEMPATH\Events\Events.php(154): CodeIgniter\Events\Events::Config\{closure}()
 7 SYSTEMPATH\CodeIgniter.php(442): CodeIgniter\Events\Events::trigger('pre_system')
 8 SYSTEMPATH\CodeIgniter.php(361): CodeIgniter\CodeIgniter->handleRequest(null, Object(Config\Cache), false)
 9 FCPATH\index.php(79): CodeIgniter\CodeIgniter->run()
CRITICAL - 2024-03-23 07:16:37 --> ErrorException: unlink(C:\xampp\htdocs\ci-gis\writable\debugbar/debugbar_1711176256.228575.json): No such file or directory
in SYSTEMPATH\Debug\Toolbar\Collectors\History.php on line 80.
 1 [internal function]: CodeIgniter\Debug\Exceptions->errorHandler(2, 'unlink(C:\\xampp\\htdocs\\ci-gis\\writable\\debugbar/debugbar_1711176256.228575.json): No such file or directory', 'C:\\xampp\\htdocs\\ci-gis\\system\\Debug\\Toolbar\\Collectors\\History.php', 80)
 2 SYSTEMPATH\Debug\Toolbar\Collectors\History.php(80): unlink('C:\\xampp\\htdocs\\ci-gis\\writable\\debugbar/debugbar_1711176256.228575.json')
 3 SYSTEMPATH\Debug\Toolbar.php(496): CodeIgniter\Debug\Toolbar\Collectors\History->setFiles('1711178118.288763', 20)
 4 SYSTEMPATH\Debug\Toolbar.php(475): CodeIgniter\Debug\Toolbar->format([...], 'html')
 5 APPPATH\Config\Events.php(47): CodeIgniter\Debug\Toolbar->respond()
 6 SYSTEMPATH\Events\Events.php(154): CodeIgniter\Events\Events::Config\{closure}()
 7 SYSTEMPATH\CodeIgniter.php(442): CodeIgniter\Events\Events::trigger('pre_system')
 8 SYSTEMPATH\CodeIgniter.php(361): CodeIgniter\CodeIgniter->handleRequest(null, Object(Config\Cache), false)
 9 FCPATH\index.php(79): CodeIgniter\CodeIgniter->run()
CRITICAL - 2024-03-23 07:16:37 --> ErrorException: unlink(C:\xampp\htdocs\ci-gis\writable\debugbar/debugbar_1711176256.228575.json): No such file or directory
in SYSTEMPATH\Debug\Toolbar\Collectors\History.php on line 80.
 1 [internal function]: CodeIgniter\Debug\Exceptions->errorHandler(2, 'unlink(C:\\xampp\\htdocs\\ci-gis\\writable\\debugbar/debugbar_1711176256.228575.json): No such file or directory', 'C:\\xampp\\htdocs\\ci-gis\\system\\Debug\\Toolbar\\Collectors\\History.php', 80)
 2 SYSTEMPATH\Debug\Toolbar\Collectors\History.php(80): unlink('C:\\xampp\\htdocs\\ci-gis\\writable\\debugbar/debugbar_1711176256.228575.json')
 3 SYSTEMPATH\Debug\Toolbar.php(496): CodeIgniter\Debug\Toolbar\Collectors\History->setFiles('1711178132.424184', 20)
 4 SYSTEMPATH\Debug\Toolbar.php(475): CodeIgniter\Debug\Toolbar->format([...], 'html')
 5 APPPATH\Config\Events.php(47): CodeIgniter\Debug\Toolbar->respond()
 6 SYSTEMPATH\Events\Events.php(154): CodeIgniter\Events\Events::Config\{closure}()
 7 SYSTEMPATH\CodeIgniter.php(442): CodeIgniter\Events\Events::trigger('pre_system')
 8 SYSTEMPATH\CodeIgniter.php(361): CodeIgniter\CodeIgniter->handleRequest(null, Object(Config\Cache), false)
 9 FCPATH\index.php(79): CodeIgniter\CodeIgniter->run()
CRITICAL - 2024-03-23 08:11:28 --> ErrorException: Maximum execution time of 120 seconds exceeded
in SYSTEMPATH\Debug\Toolbar\Collectors\History.php on line 86.
 1 [internal function]: CodeIgniter\Debug\Exceptions->shutdownHandler()
CRITICAL - 2024-03-23 08:12:37 --> ErrorException: Maximum execution time of 120 seconds exceeded
in SYSTEMPATH\Debug\Toolbar\Collectors\History.php on line 86.
 1 [internal function]: CodeIgniter\Debug\Exceptions->shutdownHandler()
CRITICAL - 2024-03-23 08:12:37 --> ErrorException: unlink(C:\xampp\htdocs\ci-gis\writable\debugbar/debugbar_1711179613.136256.json): No such file or directory
in SYSTEMPATH\Debug\Toolbar\Collectors\History.php on line 80.
 1 [internal function]: CodeIgniter\Debug\Exceptions->errorHandler(2, 'unlink(C:\\xampp\\htdocs\\ci-gis\\writable\\debugbar/debugbar_1711179613.136256.json): No such file or directory', 'C:\\xampp\\htdocs\\ci-gis\\system\\Debug\\Toolbar\\Collectors\\History.php', 80)
 2 SYSTEMPATH\Debug\Toolbar\Collectors\History.php(80): unlink('C:\\xampp\\htdocs\\ci-gis\\writable\\debugbar/debugbar_1711179613.136256.json')
 3 SYSTEMPATH\Debug\Toolbar.php(496): CodeIgniter\Debug\Toolbar\Collectors\History->setFiles('1711181479.662876', 20)
 4 SYSTEMPATH\Debug\Toolbar.php(475): CodeIgniter\Debug\Toolbar->format([...], 'html')
 5 APPPATH\Config\Events.php(47): CodeIgniter\Debug\Toolbar->respond()
 6 SYSTEMPATH\Events\Events.php(154): CodeIgniter\Events\Events::Config\{closure}()
 7 SYSTEMPATH\CodeIgniter.php(442): CodeIgniter\Events\Events::trigger('pre_system')
 8 SYSTEMPATH\CodeIgniter.php(361): CodeIgniter\CodeIgniter->handleRequest(null, Object(Config\Cache), false)
 9 FCPATH\index.php(79): CodeIgniter\CodeIgniter->run()
CRITICAL - 2024-03-23 08:12:37 --> ErrorException: unlink(C:\xampp\htdocs\ci-gis\writable\debugbar/debugbar_1711179627.187247.json): No such file or directory
in SYSTEMPATH\Debug\Toolbar\Collectors\History.php on line 80.
 1 [internal function]: CodeIgniter\Debug\Exceptions->errorHandler(2, 'unlink(C:\\xampp\\htdocs\\ci-gis\\writable\\debugbar/debugbar_1711179627.187247.json): No such file or directory', 'C:\\xampp\\htdocs\\ci-gis\\system\\Debug\\Toolbar\\Collectors\\History.php', 80)
 2 SYSTEMPATH\Debug\Toolbar\Collectors\History.php(80): unlink('C:\\xampp\\htdocs\\ci-gis\\writable\\debugbar/debugbar_1711179627.187247.json')
 3 SYSTEMPATH\Debug\Toolbar.php(496): CodeIgniter\Debug\Toolbar\Collectors\History->setFiles('1711181444.539947', 20)
 4 SYSTEMPATH\Debug\Toolbar.php(475): CodeIgniter\Debug\Toolbar->format([...], 'html')
 5 APPPATH\Config\Events.php(47): CodeIgniter\Debug\Toolbar->respond()
 6 SYSTEMPATH\Events\Events.php(154): CodeIgniter\Events\Events::Config\{closure}()
 7 SYSTEMPATH\CodeIgniter.php(442): CodeIgniter\Events\Events::trigger('pre_system')
 8 SYSTEMPATH\CodeIgniter.php(361): CodeIgniter\CodeIgniter->handleRequest(null, Object(Config\Cache), false)
 9 FCPATH\index.php(79): CodeIgniter\CodeIgniter->run()
CRITICAL - 2024-03-23 08:12:37 --> ErrorException: unlink(C:\xampp\htdocs\ci-gis\writable\debugbar/debugbar_1711179627.187247.json): No such file or directory
in SYSTEMPATH\Debug\Toolbar\Collectors\History.php on line 80.
 1 [internal function]: CodeIgniter\Debug\Exceptions->errorHandler(2, 'unlink(C:\\xampp\\htdocs\\ci-gis\\writable\\debugbar/debugbar_1711179627.187247.json): No such file or directory', 'C:\\xampp\\htdocs\\ci-gis\\system\\Debug\\Toolbar\\Collectors\\History.php', 80)
 2 SYSTEMPATH\Debug\Toolbar\Collectors\History.php(80): unlink('C:\\xampp\\htdocs\\ci-gis\\writable\\debugbar/debugbar_1711179627.187247.json')
 3 SYSTEMPATH\Debug\Toolbar.php(496): CodeIgniter\Debug\Toolbar\Collectors\History->setFiles('1711181531.121823', 20)
 4 SYSTEMPATH\Debug\Toolbar.php(475): CodeIgniter\Debug\Toolbar->format([...], 'html')
 5 APPPATH\Config\Events.php(47): CodeIgniter\Debug\Toolbar->respond()
 6 SYSTEMPATH\Events\Events.php(154): CodeIgniter\Events\Events::Config\{closure}()
 7 SYSTEMPATH\CodeIgniter.php(442): CodeIgniter\Events\Events::trigger('pre_system')
 8 SYSTEMPATH\CodeIgniter.php(361): CodeIgniter\CodeIgniter->handleRequest(null, Object(Config\Cache), false)
 9 FCPATH\index.php(79): CodeIgniter\CodeIgniter->run()
CRITICAL - 2024-03-23 08:18:40 --> ErrorException: unlink(C:\xampp\htdocs\ci-gis\writable\debugbar/debugbar_1711180186.937960.json): No such file or directory
in SYSTEMPATH\Debug\Toolbar\Collectors\History.php on line 80.
 1 [internal function]: CodeIgniter\Debug\Exceptions->errorHandler(2, 'unlink(C:\\xampp\\htdocs\\ci-gis\\writable\\debugbar/debugbar_1711180186.937960.json): No such file or directory', 'C:\\xampp\\htdocs\\ci-gis\\system\\Debug\\Toolbar\\Collectors\\History.php', 80)
 2 SYSTEMPATH\Debug\Toolbar\Collectors\History.php(80): unlink('C:\\xampp\\htdocs\\ci-gis\\writable\\debugbar/debugbar_1711180186.937960.json')
 3 SYSTEMPATH\Debug\Toolbar.php(496): CodeIgniter\Debug\Toolbar\Collectors\History->setFiles('1711181858.827344', 20)
 4 SYSTEMPATH\Debug\Toolbar.php(475): CodeIgniter\Debug\Toolbar->format([...], 'html')
 5 APPPATH\Config\Events.php(47): CodeIgniter\Debug\Toolbar->respond()
 6 SYSTEMPATH\Events\Events.php(154): CodeIgniter\Events\Events::Config\{closure}()
 7 SYSTEMPATH\CodeIgniter.php(442): CodeIgniter\Events\Events::trigger('pre_system')
 8 SYSTEMPATH\CodeIgniter.php(361): CodeIgniter\CodeIgniter->handleRequest(null, Object(Config\Cache), false)
 9 FCPATH\index.php(79): CodeIgniter\CodeIgniter->run()
CRITICAL - 2024-03-23 08:27:21 --> ErrorException: unlink(C:\xampp\htdocs\ci-gis\writable\debugbar/debugbar_1711180899.445002.json): No such file or directory
in SYSTEMPATH\Debug\Toolbar\Collectors\History.php on line 80.
 1 [internal function]: CodeIgniter\Debug\Exceptions->errorHandler(2, 'unlink(C:\\xampp\\htdocs\\ci-gis\\writable\\debugbar/debugbar_1711180899.445002.json): No such file or directory', 'C:\\xampp\\htdocs\\ci-gis\\system\\Debug\\Toolbar\\Collectors\\History.php', 80)
 2 SYSTEMPATH\Debug\Toolbar\Collectors\History.php(80): unlink('C:\\xampp\\htdocs\\ci-gis\\writable\\debugbar/debugbar_1711180899.445002.json')
 3 SYSTEMPATH\Debug\Toolbar.php(496): CodeIgniter\Debug\Toolbar\Collectors\History->setFiles('1711182429.205166', 20)
 4 SYSTEMPATH\Debug\Toolbar.php(475): CodeIgniter\Debug\Toolbar->format([...], 'html')
 5 APPPATH\Config\Events.php(47): CodeIgniter\Debug\Toolbar->respond()
 6 SYSTEMPATH\Events\Events.php(154): CodeIgniter\Events\Events::Config\{closure}()
 7 SYSTEMPATH\CodeIgniter.php(442): CodeIgniter\Events\Events::trigger('pre_system')
 8 SYSTEMPATH\CodeIgniter.php(361): CodeIgniter\CodeIgniter->handleRequest(null, Object(Config\Cache), false)
 9 FCPATH\index.php(79): CodeIgniter\CodeIgniter->run()
CRITICAL - 2024-03-23 08:30:46 --> ErrorException: unlink(C:\xampp\htdocs\ci-gis\writable\debugbar/debugbar_1711181318.796342.json): No such file or directory
in SYSTEMPATH\Debug\Toolbar\Collectors\History.php on line 80.
 1 [internal function]: CodeIgniter\Debug\Exceptions->errorHandler(2, 'unlink(C:\\xampp\\htdocs\\ci-gis\\writable\\debugbar/debugbar_1711181318.796342.json): No such file or directory', 'C:\\xampp\\htdocs\\ci-gis\\system\\Debug\\Toolbar\\Collectors\\History.php', 80)
 2 SYSTEMPATH\Debug\Toolbar\Collectors\History.php(80): unlink('C:\\xampp\\htdocs\\ci-gis\\writable\\debugbar/debugbar_1711181318.796342.json')
 3 SYSTEMPATH\Debug\Toolbar.php(496): CodeIgniter\Debug\Toolbar\Collectors\History->setFiles('1711182521.775205', 20)
 4 SYSTEMPATH\Debug\Toolbar.php(475): CodeIgniter\Debug\Toolbar->format([...], 'html')
 5 APPPATH\Config\Events.php(47): CodeIgniter\Debug\Toolbar->respond()
 6 SYSTEMPATH\Events\Events.php(154): CodeIgniter\Events\Events::Config\{closure}()
 7 SYSTEMPATH\CodeIgniter.php(442): CodeIgniter\Events\Events::trigger('pre_system')
 8 SYSTEMPATH\CodeIgniter.php(361): CodeIgniter\CodeIgniter->handleRequest(null, Object(Config\Cache), false)
 9 FCPATH\index.php(79): CodeIgniter\CodeIgniter->run()
