WARNING - 2024-04-17 13:38:21 --> [DEPRECATED] Creation of dynamic property App\Controllers\Lokasi::$ModelLokasi is deprecated in APPPATH\Controllers\Lokasi.php on line 11.
 1 SYSTEMPATH\CodeIgniter.php(913): App\Controllers\Lokasi->__construct()
 2 SYSTEMPATH\CodeIgniter.php(493): CodeIgniter\CodeIgniter->createController()
 3 SYSTEMPATH\CodeIgniter.php(361): CodeIgniter\CodeIgniter->handleRequest(null, Object(Config\Cache), false)
 4 FCPATH\index.php(79): CodeIgniter\CodeIgniter->run()
INFO - 2024-04-17 13:38:21 --> Session: Class initialized using 'CodeIgniter\Session\Handlers\FileHandler' driver.
WARNING - 2024-04-17 13:38:33 --> [DEPRECATED] Creation of dynamic property App\Controllers\Lokasi::$ModelLokasi is deprecated in APPPATH\Controllers\Lokasi.php on line 11.
 1 SYSTEMPATH\CodeIgniter.php(913): App\Controllers\Lokasi->__construct()
 2 SYSTEMPATH\CodeIgniter.php(493): CodeIgniter\CodeIgniter->createController()
 3 SYSTEMPATH\CodeIgniter.php(361): CodeIgniter\CodeIgniter->handleRequest(null, Object(Config\Cache), false)
 4 FCPATH\index.php(79): CodeIgniter\CodeIgniter->run()
CRITICAL - 2024-04-17 13:42:04 --> ErrorException: unlink(C:\xampp\htdocs\ci-gis\writable\debugbar/debugbar_1711285545.378330.json): No such file or directory
in SYSTEMPATH\Debug\Toolbar\Collectors\History.php on line 80.
 1 [internal function]: CodeIgniter\Debug\Exceptions->errorHandler(2, 'unlink(C:\\xampp\\htdocs\\ci-gis\\writable\\debugbar/debugbar_1711285545.378330.json): No such file or directory', 'C:\\xampp\\htdocs\\ci-gis\\system\\Debug\\Toolbar\\Collectors\\History.php', 80)
 2 SYSTEMPATH\Debug\Toolbar\Collectors\History.php(80): unlink('C:\\xampp\\htdocs\\ci-gis\\writable\\debugbar/debugbar_1711285545.378330.json')
 3 SYSTEMPATH\Debug\Toolbar.php(496): CodeIgniter\Debug\Toolbar\Collectors\History->setFiles('1713361266.436840', 20)
 4 SYSTEMPATH\Debug\Toolbar.php(475): CodeIgniter\Debug\Toolbar->format([...], 'html')
 5 APPPATH\Config\Events.php(47): CodeIgniter\Debug\Toolbar->respond()
 6 SYSTEMPATH\Events\Events.php(154): CodeIgniter\Events\Events::Config\{closure}()
 7 SYSTEMPATH\CodeIgniter.php(442): CodeIgniter\Events\Events::trigger('pre_system')
 8 SYSTEMPATH\CodeIgniter.php(361): CodeIgniter\CodeIgniter->handleRequest(null, Object(Config\Cache), false)
 9 FCPATH\index.php(79): CodeIgniter\CodeIgniter->run()
CRITICAL - 2024-04-17 13:50:42 --> ErrorException: file_get_contents(C:\xampp\htdocs\ci-gis\writable\debugbar/debugbar_1711286570.373236.json): Failed to open stream: No such file or directory
in SYSTEMPATH\Debug\Toolbar\Collectors\History.php on line 86.
 1 [internal function]: CodeIgniter\Debug\Exceptions->errorHandler(2, 'file_get_contents(C:\\xampp\\htdocs\\ci-gis\\writable\\debugbar/debugbar_1711286570.373236.json): Failed to open stream: No such file or directory', 'C:\\xampp\\htdocs\\ci-gis\\system\\Debug\\Toolbar\\Collectors\\History.php', 86)
 2 SYSTEMPATH\Debug\Toolbar\Collectors\History.php(86): file_get_contents('C:\\xampp\\htdocs\\ci-gis\\writable\\debugbar/debugbar_1711286570.373236.json')
 3 SYSTEMPATH\Debug\Toolbar.php(496): CodeIgniter\Debug\Toolbar\Collectors\History->setFiles('1713361799.690752', 20)
 4 SYSTEMPATH\Debug\Toolbar.php(475): CodeIgniter\Debug\Toolbar->format([...], 'html')
 5 APPPATH\Config\Events.php(47): CodeIgniter\Debug\Toolbar->respond()
 6 SYSTEMPATH\Events\Events.php(154): CodeIgniter\Events\Events::Config\{closure}()
 7 SYSTEMPATH\CodeIgniter.php(442): CodeIgniter\Events\Events::trigger('pre_system')
 8 SYSTEMPATH\CodeIgniter.php(361): CodeIgniter\CodeIgniter->handleRequest(null, Object(Config\Cache), false)
 9 FCPATH\index.php(79): CodeIgniter\CodeIgniter->run()
CRITICAL - 2024-04-17 13:50:42 --> ErrorException: unlink(C:\xampp\htdocs\ci-gis\writable\debugbar/debugbar_1711286570.373236.json): No such file or directory
in SYSTEMPATH\Debug\Toolbar\Collectors\History.php on line 80.
 1 [internal function]: CodeIgniter\Debug\Exceptions->errorHandler(2, 'unlink(C:\\xampp\\htdocs\\ci-gis\\writable\\debugbar/debugbar_1711286570.373236.json): No such file or directory', 'C:\\xampp\\htdocs\\ci-gis\\system\\Debug\\Toolbar\\Collectors\\History.php', 80)
 2 SYSTEMPATH\Debug\Toolbar\Collectors\History.php(80): unlink('C:\\xampp\\htdocs\\ci-gis\\writable\\debugbar/debugbar_1711286570.373236.json')
 3 SYSTEMPATH\Debug\Toolbar.php(496): CodeIgniter\Debug\Toolbar\Collectors\History->setFiles('1713361808.811580', 20)
 4 SYSTEMPATH\Debug\Toolbar.php(475): CodeIgniter\Debug\Toolbar->format([...], 'html')
 5 APPPATH\Config\Events.php(47): CodeIgniter\Debug\Toolbar->respond()
 6 SYSTEMPATH\Events\Events.php(154): CodeIgniter\Events\Events::Config\{closure}()
 7 SYSTEMPATH\CodeIgniter.php(442): CodeIgniter\Events\Events::trigger('pre_system')
 8 SYSTEMPATH\CodeIgniter.php(361): CodeIgniter\CodeIgniter->handleRequest(null, Object(Config\Cache), false)
 9 FCPATH\index.php(79): CodeIgniter\CodeIgniter->run()
WARNING - 2024-04-17 14:18:22 --> [DEPRECATED] Creation of dynamic property App\Controllers\Lokasi::$ModelLokasi is deprecated in APPPATH\Controllers\Lokasi.php on line 11.
 1 SYSTEMPATH\CodeIgniter.php(913): App\Controllers\Lokasi->__construct()
 2 SYSTEMPATH\CodeIgniter.php(493): CodeIgniter\CodeIgniter->createController()
 3 SYSTEMPATH\CodeIgniter.php(361): CodeIgniter\CodeIgniter->handleRequest(null, Object(Config\Cache), false)
 4 FCPATH\index.php(79): CodeIgniter\CodeIgniter->run()
INFO - 2024-04-17 14:18:22 --> Session: Class initialized using 'CodeIgniter\Session\Handlers\FileHandler' driver.
WARNING - 2024-04-17 14:19:22 --> [DEPRECATED] Creation of dynamic property App\Controllers\Lokasi::$ModelLokasi is deprecated in APPPATH\Controllers\Lokasi.php on line 11.
 1 SYSTEMPATH\CodeIgniter.php(913): App\Controllers\Lokasi->__construct()
 2 SYSTEMPATH\CodeIgniter.php(493): CodeIgniter\CodeIgniter->createController()
 3 SYSTEMPATH\CodeIgniter.php(361): CodeIgniter\CodeIgniter->handleRequest(null, Object(Config\Cache), false)
 4 FCPATH\index.php(79): CodeIgniter\CodeIgniter->run()
INFO - 2024-04-17 14:19:23 --> Session: Class initialized using 'CodeIgniter\Session\Handlers\FileHandler' driver.
WARNING - 2024-04-17 14:20:18 --> [DEPRECATED] Creation of dynamic property App\Controllers\Lokasi::$ModelLokasi is deprecated in APPPATH\Controllers\Lokasi.php on line 11.
 1 SYSTEMPATH\CodeIgniter.php(913): App\Controllers\Lokasi->__construct()
 2 SYSTEMPATH\CodeIgniter.php(493): CodeIgniter\CodeIgniter->createController()
 3 SYSTEMPATH\CodeIgniter.php(361): CodeIgniter\CodeIgniter->handleRequest(null, Object(Config\Cache), false)
 4 FCPATH\index.php(79): CodeIgniter\CodeIgniter->run()
INFO - 2024-04-17 14:20:18 --> Session: Class initialized using 'CodeIgniter\Session\Handlers\FileHandler' driver.
WARNING - 2024-04-17 14:21:35 --> [DEPRECATED] Creation of dynamic property App\Controllers\Lokasi::$ModelLokasi is deprecated in APPPATH\Controllers\Lokasi.php on line 11.
 1 SYSTEMPATH\CodeIgniter.php(913): App\Controllers\Lokasi->__construct()
 2 SYSTEMPATH\CodeIgniter.php(493): CodeIgniter\CodeIgniter->createController()
 3 SYSTEMPATH\CodeIgniter.php(361): CodeIgniter\CodeIgniter->handleRequest(null, Object(Config\Cache), false)
 4 FCPATH\index.php(79): CodeIgniter\CodeIgniter->run()
WARNING - 2024-04-17 14:22:55 --> [DEPRECATED] Creation of dynamic property App\Controllers\Lokasi::$ModelLokasi is deprecated in APPPATH\Controllers\Lokasi.php on line 11.
 1 SYSTEMPATH\CodeIgniter.php(913): App\Controllers\Lokasi->__construct()
 2 SYSTEMPATH\CodeIgniter.php(493): CodeIgniter\CodeIgniter->createController()
 3 SYSTEMPATH\CodeIgniter.php(361): CodeIgniter\CodeIgniter->handleRequest(null, Object(Config\Cache), false)
 4 FCPATH\index.php(79): CodeIgniter\CodeIgniter->run()
WARNING - 2024-04-17 14:23:04 --> [DEPRECATED] Creation of dynamic property App\Controllers\Lokasi::$ModelLokasi is deprecated in APPPATH\Controllers\Lokasi.php on line 11.
 1 SYSTEMPATH\CodeIgniter.php(913): App\Controllers\Lokasi->__construct()
 2 SYSTEMPATH\CodeIgniter.php(493): CodeIgniter\CodeIgniter->createController()
 3 SYSTEMPATH\CodeIgniter.php(361): CodeIgniter\CodeIgniter->handleRequest(null, Object(Config\Cache), false)
 4 FCPATH\index.php(79): CodeIgniter\CodeIgniter->run()
WARNING - 2024-04-17 14:23:08 --> [DEPRECATED] Creation of dynamic property App\Controllers\Lokasi::$ModelLokasi is deprecated in APPPATH\Controllers\Lokasi.php on line 11.
 1 SYSTEMPATH\CodeIgniter.php(913): App\Controllers\Lokasi->__construct()
 2 SYSTEMPATH\CodeIgniter.php(493): CodeIgniter\CodeIgniter->createController()
 3 SYSTEMPATH\CodeIgniter.php(361): CodeIgniter\CodeIgniter->handleRequest(null, Object(Config\Cache), false)
 4 FCPATH\index.php(79): CodeIgniter\CodeIgniter->run()
INFO - 2024-04-17 14:23:08 --> Session: Class initialized using 'CodeIgniter\Session\Handlers\FileHandler' driver.
WARNING - 2024-04-17 14:23:15 --> [DEPRECATED] Creation of dynamic property App\Controllers\Lokasi::$ModelLokasi is deprecated in APPPATH\Controllers\Lokasi.php on line 11.
 1 SYSTEMPATH\CodeIgniter.php(913): App\Controllers\Lokasi->__construct()
 2 SYSTEMPATH\CodeIgniter.php(493): CodeIgniter\CodeIgniter->createController()
 3 SYSTEMPATH\CodeIgniter.php(361): CodeIgniter\CodeIgniter->handleRequest(null, Object(Config\Cache), false)
 4 FCPATH\index.php(79): CodeIgniter\CodeIgniter->run()
INFO - 2024-04-17 14:23:15 --> Session: Class initialized using 'CodeIgniter\Session\Handlers\FileHandler' driver.
WARNING - 2024-04-17 14:23:24 --> [DEPRECATED] Creation of dynamic property App\Controllers\Lokasi::$ModelLokasi is deprecated in APPPATH\Controllers\Lokasi.php on line 11.
 1 SYSTEMPATH\CodeIgniter.php(913): App\Controllers\Lokasi->__construct()
 2 SYSTEMPATH\CodeIgniter.php(493): CodeIgniter\CodeIgniter->createController()
 3 SYSTEMPATH\CodeIgniter.php(361): CodeIgniter\CodeIgniter->handleRequest(null, Object(Config\Cache), false)
 4 FCPATH\index.php(79): CodeIgniter\CodeIgniter->run()
INFO - 2024-04-17 14:23:24 --> Session: Class initialized using 'CodeIgniter\Session\Handlers\FileHandler' driver.
WARNING - 2024-04-17 14:23:36 --> [DEPRECATED] Creation of dynamic property App\Controllers\Lokasi::$ModelLokasi is deprecated in APPPATH\Controllers\Lokasi.php on line 11.
 1 SYSTEMPATH\CodeIgniter.php(913): App\Controllers\Lokasi->__construct()
 2 SYSTEMPATH\CodeIgniter.php(493): CodeIgniter\CodeIgniter->createController()
 3 SYSTEMPATH\CodeIgniter.php(361): CodeIgniter\CodeIgniter->handleRequest(null, Object(Config\Cache), false)
 4 FCPATH\index.php(79): CodeIgniter\CodeIgniter->run()
INFO - 2024-04-17 14:23:36 --> Session: Class initialized using 'CodeIgniter\Session\Handlers\FileHandler' driver.
